<?xml version="1.0" encoding="UTF-8"?>
<testsuite xmlns:xsi="http://www.w3.org/2001/XMLSchema-instance" xsi:noNamespaceSchemaLocation="https://maven.apache.org/surefire/maven-surefire-plugin/xsd/surefire-test-report-3.0.xsd" version="3.0" name="com.ehei.gi4.model.ProduitTest" time="0.058" tests="5" errors="0" skipped="0" failures="0">
  <properties>
[...]
</properties>
  <testcase name="testGetters" classname="com.ehei.gi4.model.ProduitTest" time="0.029"/>
  <testcase name="testPrixNegatif" classname="com.ehei.gi4.model.ProduitTest" time="0.002"/>
  <testcase name="testCreationProduit" classname="com.ehei.gi4.model.ProduitTest" time="0"/>
  <testcase name="testSetters" classname="com.ehei.gi4.model.ProduitTest" time="0"/>
  <testcase name="testQuantiteNegative" classname="com.ehei.gi4.model.ProduitTest" time="0.001"/>
</testsuite>